[debug] [2018-12-13T08:19:06.112Z] ----------------------------------------------------------------------
[debug] [2018-12-13T08:19:06.114Z] Command:       /Users/stevekinney/.nvm/versions/node/v9.11.2/bin/node /Users/stevekinney/.nvm/versions/node/v9.11.2/bin/firebase deploy --only functions
[debug] [2018-12-13T08:19:06.114Z] CLI Version:   6.1.2
[debug] [2018-12-13T08:19:06.114Z] Platform:      darwin
[debug] [2018-12-13T08:19:06.114Z] Node Version:  v9.11.2
[debug] [2018-12-13T08:19:06.115Z] Time:          Thu Dec 13 2018 02:19:06 GMT-0600 (CST)
[debug] [2018-12-13T08:19:06.115Z] ----------------------------------------------------------------------
[debug] 
[debug] [2018-12-13T08:19:06.125Z] > command requires scopes: ["email","openid","https://www.googleapis.com/auth/cloudplatformprojects.readonly","https://www.googleapis.com/auth/firebase","https://www.googleapis.com/auth/cloud-platform"]
[debug] [2018-12-13T08:19:06.125Z] > authorizing via signed-in user
[debug] [2018-12-13T08:19:06.125Z] [iam] checking project think-piece for permissions ["cloudfunctions.functions.create","cloudfunctions.functions.delete","cloudfunctions.functions.get","cloudfunctions.functions.list","cloudfunctions.functions.update","cloudfunctions.operations.get","firebase.projects.get"]
[debug] [2018-12-13T08:19:06.127Z] >>> HTTP REQUEST POST https://cloudresourcemanager.googleapis.com/v1/projects/think-piece:testIamPermissions  

[debug] [2018-12-13T08:19:06.435Z] <<< HTTP RESPONSE 200
[info] 
[info] === Deploying to 'think-piece'...
[info] 
[info] i  deploying functions
[debug] [2018-12-13T08:19:08.388Z] > [functions] package.json contents: {
  "name": "functions",
  "description": "Cloud Functions for Firebase",
  "scripts": {
    "serve": "firebase serve --only functions",
    "shell": "firebase functions:shell",
    "start": "npm run shell",
    "deploy": "firebase deploy --only functions",
    "logs": "firebase functions:log"
  },
  "dependencies": {
    "firebase-admin": "~6.0.0",
    "firebase-functions": "^2.1.0"
  },
  "private": true,
  "engines": {
    "node": "8"
  }
}
[info] i  functions: ensuring necessary APIs are enabled...
[debug] [2018-12-13T08:19:08.389Z] >>> HTTP REQUEST GET https://servicemanagement.googleapis.com/v1/services/cloudfunctions.googleapis.com/projectSettings/think-piece?view=CONSUMER_VIEW  
 
[debug] [2018-12-13T08:19:08.390Z] >>> HTTP REQUEST GET https://servicemanagement.googleapis.com/v1/services/runtimeconfig.googleapis.com/projectSettings/think-piece?view=CONSUMER_VIEW  
 
[debug] [2018-12-13T08:19:14.166Z] ----------------------------------------------------------------------
[debug] [2018-12-13T08:19:14.168Z] Command:       /Users/stevekinney/.nvm/versions/node/v9.11.2/bin/node /Users/stevekinney/.nvm/versions/node/v9.11.2/bin/firebase deploy --only functions
[debug] [2018-12-13T08:19:14.169Z] CLI Version:   6.1.2
[debug] [2018-12-13T08:19:14.169Z] Platform:      darwin
[debug] [2018-12-13T08:19:14.169Z] Node Version:  v9.11.2
[debug] [2018-12-13T08:19:14.169Z] Time:          Thu Dec 13 2018 02:19:14 GMT-0600 (CST)
[debug] [2018-12-13T08:19:14.169Z] ----------------------------------------------------------------------
[debug] 
[debug] [2018-12-13T08:19:14.180Z] > command requires scopes: ["email","openid","https://www.googleapis.com/auth/cloudplatformprojects.readonly","https://www.googleapis.com/auth/firebase","https://www.googleapis.com/auth/cloud-platform"]
[debug] [2018-12-13T08:19:14.180Z] > authorizing via signed-in user
[debug] [2018-12-13T08:19:14.180Z] [iam] checking project think-piece for permissions ["cloudfunctions.functions.create","cloudfunctions.functions.delete","cloudfunctions.functions.get","cloudfunctions.functions.list","cloudfunctions.functions.update","cloudfunctions.operations.get","firebase.projects.get"]
[debug] [2018-12-13T08:19:14.182Z] >>> HTTP REQUEST POST https://cloudresourcemanager.googleapis.com/v1/projects/think-piece:testIamPermissions  

[debug] [2018-12-13T08:19:14.446Z] <<< HTTP RESPONSE 200
[info] 
[info] === Deploying to 'think-piece'...
[info] 
[info] i  deploying functions
[debug] [2018-12-13T08:19:16.223Z] > [functions] package.json contents: {
  "name": "functions",
  "description": "Cloud Functions for Firebase",
  "scripts": {
    "serve": "firebase serve --only functions",
    "shell": "firebase functions:shell",
    "start": "npm run shell",
    "deploy": "firebase deploy --only functions",
    "logs": "firebase functions:log"
  },
  "dependencies": {
    "firebase-admin": "~6.0.0",
    "firebase-functions": "^2.1.0"
  },
  "private": true,
  "engines": {
    "node": "8"
  }
}
[info] i  functions: ensuring necessary APIs are enabled...
[debug] [2018-12-13T08:19:16.225Z] >>> HTTP REQUEST GET https://servicemanagement.googleapis.com/v1/services/cloudfunctions.googleapis.com/projectSettings/think-piece?view=CONSUMER_VIEW  
 
[debug] [2018-12-13T08:19:16.226Z] >>> HTTP REQUEST GET https://servicemanagement.googleapis.com/v1/services/runtimeconfig.googleapis.com/projectSettings/think-piece?view=CONSUMER_VIEW  
 
[debug] [2018-12-13T08:19:16.974Z] <<< HTTP RESPONSE 200
[debug] [2018-12-13T08:19:17.034Z] <<< HTTP RESPONSE 200
[info] ✔  functions: all necessary APIs are enabled
[debug] [2018-12-13T08:19:17.035Z] >>> HTTP REQUEST GET https://cloudresourcemanager.googleapis.com/v1/projects/think-piece  
 
[debug] [2018-12-13T08:19:17.251Z] <<< HTTP RESPONSE 200
[debug] [2018-12-13T08:19:17.252Z] >>> HTTP REQUEST GET https://mobilesdk-pa.googleapis.com/v1/projects/98218894562:getServerAppConfig  
 
[debug] [2018-12-13T08:19:17.488Z] <<< HTTP RESPONSE 200
[info] i  functions: preparing functions directory for uploading...
[debug] [2018-12-13T08:19:17.495Z] >>> HTTP REQUEST GET https://runtimeconfig.googleapis.com/v1beta1/projects/think-piece/configs  
 
[debug] [2018-12-13T08:19:17.686Z] <<< HTTP RESPONSE 200
[info] i  functions: packaged functions (41.92 KB) for uploading
[debug] [2018-12-13T08:19:17.979Z] >>> HTTP REQUEST POST https://cloudfunctions.googleapis.com/v1/projects/think-piece/locations/us-central1/functions:generateUploadUrl  
 
[debug] [2018-12-13T08:19:18.297Z] <<< HTTP RESPONSE 200
[debug] [2018-12-13T08:19:18.298Z] >>> HTTP REQUEST PUT https://storage.googleapis.com/gcf-upload-us-central1-32aae7c9-174f-459a-8e3b-1d42c330c707/30fafdc5-41ac-402d-9933-c1ce4be90996.zip?GoogleAccessId=service-98218894562@gcf-admin-robot.iam.gserviceaccount.com&Expires=1544690958&Signature=n8HFpt49pD01h5nLHY9tqrXu9XvymBZ%2BNfaF4ENE24mO5ZsT4L%2Bt2ZEcz5xnwqHjZ49%2BI8sBeqy9und%2Bql%2BDt56GEm3U%2BBrUDY7wUZZbqChZehLWN%2BOsHEaqO8mKMC09JtB4BKhGxbmgZVsS05r4xxufmWa7uVXExm10WwUpaOdHfgGUHqAqSgpfuT1r%2FBxSa%2B3Rny5dtSma1GKKU7Bc3%2Blj8URvYcrMr2%2BPoOBGYKcZpniTC85m7kepj4mhDws%2BwrtehxGVtR5mLhjRThrkFw1kfe0PTlP392ooVnTtZ%2BbNZmktEXhdD7k5wcNLviBIQ0rlzS8v1ouIut8rduuJvw%3D%3D  

[debug] [2018-12-13T08:19:18.721Z] <<< HTTP RESPONSE 200
[info] ✔  functions: functions folder uploaded successfully
[debug] [2018-12-13T08:19:18.724Z] >>> HTTP REQUEST GET https://cloudfunctions.googleapis.com/v1/projects/think-piece/locations/-/functions  
 
[debug] [2018-12-13T08:19:19.046Z] <<< HTTP RESPONSE 200
[info] i  functions: creating Node.js 8 function updateUserInformation(us-central1)...
[debug] [2018-12-13T08:19:19.049Z] Trigger is:  {"eventTrigger":{"resource":"projects/think-piece/databases/(default)/documents/users/{userId}","eventType":"providers/cloud.firestore/eventTypes/document.create","service":"firestore.googleapis.com"}}
[info] i  functions: updating Node.js 8 function helloWorld(us-central1)...
[debug] [2018-12-13T08:19:19.051Z] Trigger is:  {"httpsTrigger":{}}
[info] i  functions: updating Node.js 8 function getAllPosts(us-central1)...
[debug] [2018-12-13T08:19:19.051Z] Trigger is:  {"httpsTrigger":{}}
[info] i  functions: updating Node.js 8 function incrementCommentCount(us-central1)...
[debug] [2018-12-13T08:19:19.052Z] Trigger is:  {"eventTrigger":{"resource":"projects/think-piece/databases/(default)/documents/posts/{postId}/comments/{commentId}","eventType":"providers/cloud.firestore/eventTypes/document.create","service":"firestore.googleapis.com"}}
[info] i  functions: updating Node.js 8 function decrementCommentCount(us-central1)...
[debug] [2018-12-13T08:19:19.052Z] Trigger is:  {"eventTrigger":{"resource":"projects/think-piece/databases/(default)/documents/posts/{postId}/comments/{commentId}","eventType":"providers/cloud.firestore/eventTypes/document.delete","service":"firestore.googleapis.com"}}
[debug] [2018-12-13T08:19:19.055Z] >>> HTTP REQUEST POST https://cloudfunctions.googleapis.com/v1/projects/think-piece/locations/us-central1/functions  

[debug] [2018-12-13T08:19:19.056Z] >>> HTTP REQUEST PATCH https://cloudfunctions.googleapis.com/v1/projects/think-piece/locations/us-central1/functions/helloWorld {"updateMask":"sourceUploadUrl,name,labels,runtime,httpsTrigger"} 

[debug] [2018-12-13T08:19:19.057Z] >>> HTTP REQUEST PATCH https://cloudfunctions.googleapis.com/v1/projects/think-piece/locations/us-central1/functions/getAllPosts {"updateMask":"sourceUploadUrl,name,labels,runtime,httpsTrigger"} 

[debug] [2018-12-13T08:19:19.058Z] >>> HTTP REQUEST PATCH https://cloudfunctions.googleapis.com/v1/projects/think-piece/locations/us-central1/functions/incrementCommentCount {"updateMask":"sourceUploadUrl,name,labels,runtime,eventTrigger.resource,eventTrigger.eventType,eventTrigger.service"} 

[debug] [2018-12-13T08:19:19.059Z] >>> HTTP REQUEST PATCH https://cloudfunctions.googleapis.com/v1/projects/think-piece/locations/us-central1/functions/decrementCommentCount {"updateMask":"sourceUploadUrl,name,labels,runtime,eventTrigger.resource,eventTrigger.eventType,eventTrigger.service"} 

[debug] [2018-12-13T08:19:19.309Z] <<< HTTP RESPONSE 200
[debug] [2018-12-13T08:19:19.346Z] <<< HTTP RESPONSE 200
[debug] [2018-12-13T08:19:19.346Z] <<< HTTP RESPONSE 200
[debug] [2018-12-13T08:19:19.350Z] <<< HTTP RESPONSE 200
[debug] [2018-12-13T08:19:19.405Z] <<< HTTP RESPONSE 200
[debug] [2018-12-13T08:19:19.406Z] >>> HTTP REQUEST GET https://cloudfunctions.googleapis.com/v1/projects/think-piece/locations/-/functions  
 
[debug] [2018-12-13T08:19:19.757Z] <<< HTTP RESPONSE 200
[debug] [2018-12-13T08:19:19.759Z] >>> HTTP REQUEST GET https://cloudfunctions.googleapis.com/v1/operations/dGhpbmstcGllY2UvdXMtY2VudHJhbDEvdXBkYXRlVXNlckluZm9ybWF0aW9uL2FMOVB4ZFBjdEFv  
 
[debug] [2018-12-13T08:19:19.760Z] >>> HTTP REQUEST GET https://cloudfunctions.googleapis.com/v1/operations/dGhpbmstcGllY2UvdXMtY2VudHJhbDEvaGVsbG9Xb3JsZC9kQ0tuRTNxeFpoRQ  
 
[debug] [2018-12-13T08:19:19.760Z] >>> HTTP REQUEST GET https://cloudfunctions.googleapis.com/v1/operations/dGhpbmstcGllY2UvdXMtY2VudHJhbDEvZ2V0QWxsUG9zdHMvdTM0aTFkeDE3RHM  
 
[debug] [2018-12-13T08:19:19.760Z] >>> HTTP REQUEST GET https://cloudfunctions.googleapis.com/v1/operations/dGhpbmstcGllY2UvdXMtY2VudHJhbDEvaW5jcmVtZW50Q29tbWVudENvdW50L2FGZ3M5QmxIdHlV  
 
[debug] [2018-12-13T08:19:19.761Z] >>> HTTP REQUEST GET https://cloudfunctions.googleapis.com/v1/operations/dGhpbmstcGllY2UvdXMtY2VudHJhbDEvZGVjcmVtZW50Q29tbWVudENvdW50L1BhbHJKLS0zblBR  
 
[debug] [2018-12-13T08:19:19.920Z] <<< HTTP RESPONSE 200
[debug] [2018-12-13T08:19:19.925Z] <<< HTTP RESPONSE 200
[debug] [2018-12-13T08:19:19.932Z] <<< HTTP RESPONSE 200
[debug] [2018-12-13T08:19:19.933Z] <<< HTTP RESPONSE 200
[debug] [2018-12-13T08:19:19.940Z] <<< HTTP RESPONSE 200
[debug] [2018-12-13T08:19:21.927Z] >>> HTTP REQUEST GET https://cloudfunctions.googleapis.com/v1/operations/dGhpbmstcGllY2UvdXMtY2VudHJhbDEvZ2V0QWxsUG9zdHMvdTM0aTFkeDE3RHM  
 
[debug] [2018-12-13T08:19:21.927Z] >>> HTTP REQUEST GET https://cloudfunctions.googleapis.com/v1/operations/dGhpbmstcGllY2UvdXMtY2VudHJhbDEvaGVsbG9Xb3JsZC9kQ0tuRTNxeFpoRQ  
 
[debug] [2018-12-13T08:19:21.934Z] >>> HTTP REQUEST GET https://cloudfunctions.googleapis.com/v1/operations/dGhpbmstcGllY2UvdXMtY2VudHJhbDEvdXBkYXRlVXNlckluZm9ybWF0aW9uL2FMOVB4ZFBjdEFv  
 
[debug] [2018-12-13T08:19:21.935Z] >>> HTTP REQUEST GET https://cloudfunctions.googleapis.com/v1/operations/dGhpbmstcGllY2UvdXMtY2VudHJhbDEvaW5jcmVtZW50Q29tbWVudENvdW50L2FGZ3M5QmxIdHlV  
 
[debug] [2018-12-13T08:19:21.940Z] >>> HTTP REQUEST GET https://cloudfunctions.googleapis.com/v1/operations/dGhpbmstcGllY2UvdXMtY2VudHJhbDEvZGVjcmVtZW50Q29tbWVudENvdW50L1BhbHJKLS0zblBR  
 
[debug] [2018-12-13T08:19:22.090Z] <<< HTTP RESPONSE 200
[debug] [2018-12-13T08:19:22.104Z] <<< HTTP RESPONSE 200
[debug] [2018-12-13T08:19:22.105Z] <<< HTTP RESPONSE 200
[debug] [2018-12-13T08:19:22.106Z] <<< HTTP RESPONSE 200
[debug] [2018-12-13T08:19:22.110Z] <<< HTTP RESPONSE 200
[debug] [2018-12-13T08:19:24.092Z] >>> HTTP REQUEST GET https://cloudfunctions.googleapis.com/v1/operations/dGhpbmstcGllY2UvdXMtY2VudHJhbDEvaW5jcmVtZW50Q29tbWVudENvdW50L2FGZ3M5QmxIdHlV  
 
[debug] [2018-12-13T08:19:24.108Z] >>> HTTP REQUEST GET https://cloudfunctions.googleapis.com/v1/operations/dGhpbmstcGllY2UvdXMtY2VudHJhbDEvZGVjcmVtZW50Q29tbWVudENvdW50L1BhbHJKLS0zblBR  
 
[debug] [2018-12-13T08:19:24.108Z] >>> HTTP REQUEST GET https://cloudfunctions.googleapis.com/v1/operations/dGhpbmstcGllY2UvdXMtY2VudHJhbDEvaGVsbG9Xb3JsZC9kQ0tuRTNxeFpoRQ  
 
[debug] [2018-12-13T08:19:24.109Z] >>> HTTP REQUEST GET https://cloudfunctions.googleapis.com/v1/operations/dGhpbmstcGllY2UvdXMtY2VudHJhbDEvdXBkYXRlVXNlckluZm9ybWF0aW9uL2FMOVB4ZFBjdEFv  
 
[debug] [2018-12-13T08:19:24.113Z] >>> HTTP REQUEST GET https://cloudfunctions.googleapis.com/v1/operations/dGhpbmstcGllY2UvdXMtY2VudHJhbDEvZ2V0QWxsUG9zdHMvdTM0aTFkeDE3RHM  
 
[debug] [2018-12-13T08:19:24.255Z] <<< HTTP RESPONSE 200
[debug] [2018-12-13T08:19:24.268Z] <<< HTTP RESPONSE 200
[debug] [2018-12-13T08:19:24.272Z] <<< HTTP RESPONSE 200
[debug] [2018-12-13T08:19:24.275Z] <<< HTTP RESPONSE 200
[debug] [2018-12-13T08:19:24.281Z] <<< HTTP RESPONSE 200
[debug] [2018-12-13T08:19:26.256Z] >>> HTTP REQUEST GET https://cloudfunctions.googleapis.com/v1/operations/dGhpbmstcGllY2UvdXMtY2VudHJhbDEvaW5jcmVtZW50Q29tbWVudENvdW50L2FGZ3M5QmxIdHlV  
 
[debug] [2018-12-13T08:19:26.268Z] >>> HTTP REQUEST GET https://cloudfunctions.googleapis.com/v1/operations/dGhpbmstcGllY2UvdXMtY2VudHJhbDEvZGVjcmVtZW50Q29tbWVudENvdW50L1BhbHJKLS0zblBR  
 
[debug] [2018-12-13T08:19:26.272Z] >>> HTTP REQUEST GET https://cloudfunctions.googleapis.com/v1/operations/dGhpbmstcGllY2UvdXMtY2VudHJhbDEvdXBkYXRlVXNlckluZm9ybWF0aW9uL2FMOVB4ZFBjdEFv  
 
[debug] [2018-12-13T08:19:26.276Z] >>> HTTP REQUEST GET https://cloudfunctions.googleapis.com/v1/operations/dGhpbmstcGllY2UvdXMtY2VudHJhbDEvaGVsbG9Xb3JsZC9kQ0tuRTNxeFpoRQ  
 
[debug] [2018-12-13T08:19:26.281Z] >>> HTTP REQUEST GET https://cloudfunctions.googleapis.com/v1/operations/dGhpbmstcGllY2UvdXMtY2VudHJhbDEvZ2V0QWxsUG9zdHMvdTM0aTFkeDE3RHM  
 
[debug] [2018-12-13T08:19:26.410Z] <<< HTTP RESPONSE 200
[debug] [2018-12-13T08:19:26.419Z] <<< HTTP RESPONSE 200
[debug] [2018-12-13T08:19:26.427Z] <<< HTTP RESPONSE 200
[debug] [2018-12-13T08:19:26.428Z] <<< HTTP RESPONSE 200
[debug] [2018-12-13T08:19:26.431Z] <<< HTTP RESPONSE 200
[debug] [2018-12-13T08:19:28.414Z] >>> HTTP REQUEST GET https://cloudfunctions.googleapis.com/v1/operations/dGhpbmstcGllY2UvdXMtY2VudHJhbDEvZGVjcmVtZW50Q29tbWVudENvdW50L1BhbHJKLS0zblBR  
 
[debug] [2018-12-13T08:19:28.419Z] >>> HTTP REQUEST GET https://cloudfunctions.googleapis.com/v1/operations/dGhpbmstcGllY2UvdXMtY2VudHJhbDEvaW5jcmVtZW50Q29tbWVudENvdW50L2FGZ3M5QmxIdHlV  
 
[debug] [2018-12-13T08:19:28.430Z] >>> HTTP REQUEST GET https://cloudfunctions.googleapis.com/v1/operations/dGhpbmstcGllY2UvdXMtY2VudHJhbDEvaGVsbG9Xb3JsZC9kQ0tuRTNxeFpoRQ  
 
[debug] [2018-12-13T08:19:28.431Z] >>> HTTP REQUEST GET https://cloudfunctions.googleapis.com/v1/operations/dGhpbmstcGllY2UvdXMtY2VudHJhbDEvdXBkYXRlVXNlckluZm9ybWF0aW9uL2FMOVB4ZFBjdEFv  
 
[debug] [2018-12-13T08:19:28.434Z] >>> HTTP REQUEST GET https://cloudfunctions.googleapis.com/v1/operations/dGhpbmstcGllY2UvdXMtY2VudHJhbDEvZ2V0QWxsUG9zdHMvdTM0aTFkeDE3RHM  
 
[debug] [2018-12-13T08:19:28.564Z] <<< HTTP RESPONSE 200
[debug] [2018-12-13T08:19:28.578Z] <<< HTTP RESPONSE 200
[debug] [2018-12-13T08:19:28.594Z] <<< HTTP RESPONSE 200
[debug] [2018-12-13T08:19:28.595Z] <<< HTTP RESPONSE 200
[debug] [2018-12-13T08:19:28.607Z] <<< HTTP RESPONSE 200
[debug] [2018-12-13T08:19:30.566Z] >>> HTTP REQUEST GET https://cloudfunctions.googleapis.com/v1/operations/dGhpbmstcGllY2UvdXMtY2VudHJhbDEvZGVjcmVtZW50Q29tbWVudENvdW50L1BhbHJKLS0zblBR  
 
[debug] [2018-12-13T08:19:30.580Z] >>> HTTP REQUEST GET https://cloudfunctions.googleapis.com/v1/operations/dGhpbmstcGllY2UvdXMtY2VudHJhbDEvaW5jcmVtZW50Q29tbWVudENvdW50L2FGZ3M5QmxIdHlV  
 
[debug] [2018-12-13T08:19:30.596Z] >>> HTTP REQUEST GET https://cloudfunctions.googleapis.com/v1/operations/dGhpbmstcGllY2UvdXMtY2VudHJhbDEvaGVsbG9Xb3JsZC9kQ0tuRTNxeFpoRQ  
 
[debug] [2018-12-13T08:19:30.597Z] >>> HTTP REQUEST GET https://cloudfunctions.googleapis.com/v1/operations/dGhpbmstcGllY2UvdXMtY2VudHJhbDEvZ2V0QWxsUG9zdHMvdTM0aTFkeDE3RHM  
 
[debug] [2018-12-13T08:19:30.610Z] >>> HTTP REQUEST GET https://cloudfunctions.googleapis.com/v1/operations/dGhpbmstcGllY2UvdXMtY2VudHJhbDEvdXBkYXRlVXNlckluZm9ybWF0aW9uL2FMOVB4ZFBjdEFv  
 
[debug] [2018-12-13T08:19:30.724Z] <<< HTTP RESPONSE 200
[debug] [2018-12-13T08:19:30.744Z] <<< HTTP RESPONSE 200
[debug] [2018-12-13T08:19:30.745Z] <<< HTTP RESPONSE 200
[debug] [2018-12-13T08:19:30.760Z] <<< HTTP RESPONSE 200
[debug] [2018-12-13T08:19:30.767Z] <<< HTTP RESPONSE 200
[debug] [2018-12-13T08:19:32.730Z] >>> HTTP REQUEST GET https://cloudfunctions.googleapis.com/v1/operations/dGhpbmstcGllY2UvdXMtY2VudHJhbDEvZGVjcmVtZW50Q29tbWVudENvdW50L1BhbHJKLS0zblBR  
 
[debug] [2018-12-13T08:19:32.747Z] >>> HTTP REQUEST GET https://cloudfunctions.googleapis.com/v1/operations/dGhpbmstcGllY2UvdXMtY2VudHJhbDEvaW5jcmVtZW50Q29tbWVudENvdW50L2FGZ3M5QmxIdHlV  
 
[debug] [2018-12-13T08:19:32.748Z] >>> HTTP REQUEST GET https://cloudfunctions.googleapis.com/v1/operations/dGhpbmstcGllY2UvdXMtY2VudHJhbDEvZ2V0QWxsUG9zdHMvdTM0aTFkeDE3RHM  
 
[debug] [2018-12-13T08:19:32.761Z] >>> HTTP REQUEST GET https://cloudfunctions.googleapis.com/v1/operations/dGhpbmstcGllY2UvdXMtY2VudHJhbDEvaGVsbG9Xb3JsZC9kQ0tuRTNxeFpoRQ  
 
[debug] [2018-12-13T08:19:32.768Z] >>> HTTP REQUEST GET https://cloudfunctions.googleapis.com/v1/operations/dGhpbmstcGllY2UvdXMtY2VudHJhbDEvdXBkYXRlVXNlckluZm9ybWF0aW9uL2FMOVB4ZFBjdEFv  
 
[debug] [2018-12-13T08:19:32.901Z] <<< HTTP RESPONSE 200
[debug] [2018-12-13T08:19:32.908Z] <<< HTTP RESPONSE 200
[debug] [2018-12-13T08:19:32.909Z] <<< HTTP RESPONSE 200
[debug] [2018-12-13T08:19:32.912Z] <<< HTTP RESPONSE 200
[debug] [2018-12-13T08:19:32.926Z] <<< HTTP RESPONSE 200
[debug] [2018-12-13T08:19:34.908Z] >>> HTTP REQUEST GET https://cloudfunctions.googleapis.com/v1/operations/dGhpbmstcGllY2UvdXMtY2VudHJhbDEvZGVjcmVtZW50Q29tbWVudENvdW50L1BhbHJKLS0zblBR  
 
[debug] [2018-12-13T08:19:34.910Z] >>> HTTP REQUEST GET https://cloudfunctions.googleapis.com/v1/operations/dGhpbmstcGllY2UvdXMtY2VudHJhbDEvaW5jcmVtZW50Q29tbWVudENvdW50L2FGZ3M5QmxIdHlV  
 
[debug] [2018-12-13T08:19:34.911Z] >>> HTTP REQUEST GET https://cloudfunctions.googleapis.com/v1/operations/dGhpbmstcGllY2UvdXMtY2VudHJhbDEvZ2V0QWxsUG9zdHMvdTM0aTFkeDE3RHM  
 
[debug] [2018-12-13T08:19:34.914Z] >>> HTTP REQUEST GET https://cloudfunctions.googleapis.com/v1/operations/dGhpbmstcGllY2UvdXMtY2VudHJhbDEvaGVsbG9Xb3JsZC9kQ0tuRTNxeFpoRQ  
 
[debug] [2018-12-13T08:19:34.928Z] >>> HTTP REQUEST GET https://cloudfunctions.googleapis.com/v1/operations/dGhpbmstcGllY2UvdXMtY2VudHJhbDEvdXBkYXRlVXNlckluZm9ybWF0aW9uL2FMOVB4ZFBjdEFv  
 
[debug] [2018-12-13T08:19:35.067Z] <<< HTTP RESPONSE 200
[debug] [2018-12-13T08:19:35.068Z] <<< HTTP RESPONSE 200
[debug] [2018-12-13T08:19:35.076Z] <<< HTTP RESPONSE 200
[debug] [2018-12-13T08:19:35.076Z] <<< HTTP RESPONSE 200
[debug] [2018-12-13T08:19:35.079Z] <<< HTTP RESPONSE 200
[debug] [2018-12-13T08:19:37.073Z] >>> HTTP REQUEST GET https://cloudfunctions.googleapis.com/v1/operations/dGhpbmstcGllY2UvdXMtY2VudHJhbDEvaW5jcmVtZW50Q29tbWVudENvdW50L2FGZ3M5QmxIdHlV  
 
[debug] [2018-12-13T08:19:37.073Z] >>> HTTP REQUEST GET https://cloudfunctions.googleapis.com/v1/operations/dGhpbmstcGllY2UvdXMtY2VudHJhbDEvdXBkYXRlVXNlckluZm9ybWF0aW9uL2FMOVB4ZFBjdEFv  
 
[debug] [2018-12-13T08:19:37.076Z] >>> HTTP REQUEST GET https://cloudfunctions.googleapis.com/v1/operations/dGhpbmstcGllY2UvdXMtY2VudHJhbDEvZ2V0QWxsUG9zdHMvdTM0aTFkeDE3RHM  
 
[debug] [2018-12-13T08:19:37.077Z] >>> HTTP REQUEST GET https://cloudfunctions.googleapis.com/v1/operations/dGhpbmstcGllY2UvdXMtY2VudHJhbDEvaGVsbG9Xb3JsZC9kQ0tuRTNxeFpoRQ  
 
[debug] [2018-12-13T08:19:37.081Z] >>> HTTP REQUEST GET https://cloudfunctions.googleapis.com/v1/operations/dGhpbmstcGllY2UvdXMtY2VudHJhbDEvZGVjcmVtZW50Q29tbWVudENvdW50L1BhbHJKLS0zblBR  
 
[debug] [2018-12-13T08:19:37.226Z] <<< HTTP RESPONSE 200
[debug] [2018-12-13T08:19:37.231Z] <<< HTTP RESPONSE 200
[debug] [2018-12-13T08:19:37.234Z] <<< HTTP RESPONSE 200
[debug] [2018-12-13T08:19:37.245Z] <<< HTTP RESPONSE 200
[debug] [2018-12-13T08:19:37.246Z] <<< HTTP RESPONSE 200
[debug] [2018-12-13T08:19:39.232Z] >>> HTTP REQUEST GET https://cloudfunctions.googleapis.com/v1/operations/dGhpbmstcGllY2UvdXMtY2VudHJhbDEvaW5jcmVtZW50Q29tbWVudENvdW50L2FGZ3M5QmxIdHlV  
 
[debug] [2018-12-13T08:19:39.232Z] >>> HTTP REQUEST GET https://cloudfunctions.googleapis.com/v1/operations/dGhpbmstcGllY2UvdXMtY2VudHJhbDEvZ2V0QWxsUG9zdHMvdTM0aTFkeDE3RHM  
 
[debug] [2018-12-13T08:19:39.236Z] >>> HTTP REQUEST GET https://cloudfunctions.googleapis.com/v1/operations/dGhpbmstcGllY2UvdXMtY2VudHJhbDEvdXBkYXRlVXNlckluZm9ybWF0aW9uL2FMOVB4ZFBjdEFv  
 
[debug] [2018-12-13T08:19:39.246Z] >>> HTTP REQUEST GET https://cloudfunctions.googleapis.com/v1/operations/dGhpbmstcGllY2UvdXMtY2VudHJhbDEvaGVsbG9Xb3JsZC9kQ0tuRTNxeFpoRQ  
 
[debug] [2018-12-13T08:19:39.248Z] >>> HTTP REQUEST GET https://cloudfunctions.googleapis.com/v1/operations/dGhpbmstcGllY2UvdXMtY2VudHJhbDEvZGVjcmVtZW50Q29tbWVudENvdW50L1BhbHJKLS0zblBR  
 
[debug] [2018-12-13T08:19:39.379Z] <<< HTTP RESPONSE 200
[debug] [2018-12-13T08:19:39.385Z] <<< HTTP RESPONSE 200
[debug] [2018-12-13T08:19:39.390Z] <<< HTTP RESPONSE 200
[debug] [2018-12-13T08:19:39.423Z] <<< HTTP RESPONSE 200
[debug] [2018-12-13T08:19:39.428Z] <<< HTTP RESPONSE 200
[debug] [2018-12-13T08:19:41.382Z] >>> HTTP REQUEST GET https://cloudfunctions.googleapis.com/v1/operations/dGhpbmstcGllY2UvdXMtY2VudHJhbDEvaW5jcmVtZW50Q29tbWVudENvdW50L2FGZ3M5QmxIdHlV  
 
[debug] [2018-12-13T08:19:41.386Z] >>> HTTP REQUEST GET https://cloudfunctions.googleapis.com/v1/operations/dGhpbmstcGllY2UvdXMtY2VudHJhbDEvdXBkYXRlVXNlckluZm9ybWF0aW9uL2FMOVB4ZFBjdEFv  
 
[debug] [2018-12-13T08:19:41.391Z] >>> HTTP REQUEST GET https://cloudfunctions.googleapis.com/v1/operations/dGhpbmstcGllY2UvdXMtY2VudHJhbDEvZ2V0QWxsUG9zdHMvdTM0aTFkeDE3RHM  
 
[debug] [2018-12-13T08:19:41.425Z] >>> HTTP REQUEST GET https://cloudfunctions.googleapis.com/v1/operations/dGhpbmstcGllY2UvdXMtY2VudHJhbDEvaGVsbG9Xb3JsZC9kQ0tuRTNxeFpoRQ  
 
[debug] [2018-12-13T08:19:41.428Z] >>> HTTP REQUEST GET https://cloudfunctions.googleapis.com/v1/operations/dGhpbmstcGllY2UvdXMtY2VudHJhbDEvZGVjcmVtZW50Q29tbWVudENvdW50L1BhbHJKLS0zblBR  
 
[debug] [2018-12-13T08:19:41.535Z] <<< HTTP RESPONSE 200
[debug] [2018-12-13T08:19:41.542Z] <<< HTTP RESPONSE 200
[debug] [2018-12-13T08:19:41.546Z] <<< HTTP RESPONSE 200
[debug] [2018-12-13T08:19:41.574Z] <<< HTTP RESPONSE 200
[debug] [2018-12-13T08:19:41.579Z] <<< HTTP RESPONSE 200
[debug] [2018-12-13T08:19:43.538Z] >>> HTTP REQUEST GET https://cloudfunctions.googleapis.com/v1/operations/dGhpbmstcGllY2UvdXMtY2VudHJhbDEvdXBkYXRlVXNlckluZm9ybWF0aW9uL2FMOVB4ZFBjdEFv  
 
[debug] [2018-12-13T08:19:43.541Z] >>> HTTP REQUEST GET https://cloudfunctions.googleapis.com/v1/operations/dGhpbmstcGllY2UvdXMtY2VudHJhbDEvaW5jcmVtZW50Q29tbWVudENvdW50L2FGZ3M5QmxIdHlV  
 
[debug] [2018-12-13T08:19:43.547Z] >>> HTTP REQUEST GET https://cloudfunctions.googleapis.com/v1/operations/dGhpbmstcGllY2UvdXMtY2VudHJhbDEvZ2V0QWxsUG9zdHMvdTM0aTFkeDE3RHM  
 
[debug] [2018-12-13T08:19:43.575Z] >>> HTTP REQUEST GET https://cloudfunctions.googleapis.com/v1/operations/dGhpbmstcGllY2UvdXMtY2VudHJhbDEvZGVjcmVtZW50Q29tbWVudENvdW50L1BhbHJKLS0zblBR  
 
[debug] [2018-12-13T08:19:43.579Z] >>> HTTP REQUEST GET https://cloudfunctions.googleapis.com/v1/operations/dGhpbmstcGllY2UvdXMtY2VudHJhbDEvaGVsbG9Xb3JsZC9kQ0tuRTNxeFpoRQ  
 
[debug] [2018-12-13T08:19:43.688Z] <<< HTTP RESPONSE 200
[debug] [2018-12-13T08:19:43.697Z] <<< HTTP RESPONSE 200
[debug] [2018-12-13T08:19:43.711Z] <<< HTTP RESPONSE 200
[debug] [2018-12-13T08:19:43.725Z] <<< HTTP RESPONSE 200
[debug] [2018-12-13T08:19:43.733Z] <<< HTTP RESPONSE 200
[debug] [2018-12-13T08:19:45.690Z] >>> HTTP REQUEST GET https://cloudfunctions.googleapis.com/v1/operations/dGhpbmstcGllY2UvdXMtY2VudHJhbDEvaW5jcmVtZW50Q29tbWVudENvdW50L2FGZ3M5QmxIdHlV  
 
[debug] [2018-12-13T08:19:45.697Z] >>> HTTP REQUEST GET https://cloudfunctions.googleapis.com/v1/operations/dGhpbmstcGllY2UvdXMtY2VudHJhbDEvdXBkYXRlVXNlckluZm9ybWF0aW9uL2FMOVB4ZFBjdEFv  
 
[debug] [2018-12-13T08:19:45.713Z] >>> HTTP REQUEST GET https://cloudfunctions.googleapis.com/v1/operations/dGhpbmstcGllY2UvdXMtY2VudHJhbDEvZ2V0QWxsUG9zdHMvdTM0aTFkeDE3RHM  
 
[debug] [2018-12-13T08:19:45.725Z] >>> HTTP REQUEST GET https://cloudfunctions.googleapis.com/v1/operations/dGhpbmstcGllY2UvdXMtY2VudHJhbDEvaGVsbG9Xb3JsZC9kQ0tuRTNxeFpoRQ  
 
[debug] [2018-12-13T08:19:45.734Z] >>> HTTP REQUEST GET https://cloudfunctions.googleapis.com/v1/operations/dGhpbmstcGllY2UvdXMtY2VudHJhbDEvZGVjcmVtZW50Q29tbWVudENvdW50L1BhbHJKLS0zblBR  
 
[debug] [2018-12-13T08:19:45.847Z] <<< HTTP RESPONSE 200
[debug] [2018-12-13T08:19:45.848Z] <<< HTTP RESPONSE 200
[debug] [2018-12-13T08:19:45.867Z] <<< HTTP RESPONSE 200
[debug] [2018-12-13T08:19:45.878Z] <<< HTTP RESPONSE 200
[debug] [2018-12-13T08:19:45.885Z] <<< HTTP RESPONSE 200
[debug] [2018-12-13T08:19:47.850Z] >>> HTTP REQUEST GET https://cloudfunctions.googleapis.com/v1/operations/dGhpbmstcGllY2UvdXMtY2VudHJhbDEvdXBkYXRlVXNlckluZm9ybWF0aW9uL2FMOVB4ZFBjdEFv  
 
[debug] [2018-12-13T08:19:47.851Z] >>> HTTP REQUEST GET https://cloudfunctions.googleapis.com/v1/operations/dGhpbmstcGllY2UvdXMtY2VudHJhbDEvaW5jcmVtZW50Q29tbWVudENvdW50L2FGZ3M5QmxIdHlV  
 
[debug] [2018-12-13T08:19:47.870Z] >>> HTTP REQUEST GET https://cloudfunctions.googleapis.com/v1/operations/dGhpbmstcGllY2UvdXMtY2VudHJhbDEvaGVsbG9Xb3JsZC9kQ0tuRTNxeFpoRQ  
 
[debug] [2018-12-13T08:19:47.879Z] >>> HTTP REQUEST GET https://cloudfunctions.googleapis.com/v1/operations/dGhpbmstcGllY2UvdXMtY2VudHJhbDEvZ2V0QWxsUG9zdHMvdTM0aTFkeDE3RHM  
 
[debug] [2018-12-13T08:19:47.885Z] >>> HTTP REQUEST GET https://cloudfunctions.googleapis.com/v1/operations/dGhpbmstcGllY2UvdXMtY2VudHJhbDEvZGVjcmVtZW50Q29tbWVudENvdW50L1BhbHJKLS0zblBR  
 
[debug] [2018-12-13T08:19:48.012Z] <<< HTTP RESPONSE 200
[debug] [2018-12-13T08:19:48.013Z] <<< HTTP RESPONSE 200
[debug] [2018-12-13T08:19:48.017Z] <<< HTTP RESPONSE 200
[debug] [2018-12-13T08:19:48.030Z] <<< HTTP RESPONSE 200
[debug] [2018-12-13T08:19:48.044Z] <<< HTTP RESPONSE 200
